Carolo_Farmaceutica/app/build/intermediates/manifest_merge_blame_file/debug/manifest-merger-blame-debug-report.txt
1<?xml version="1.0" encoding="utf-8"?>
2<manifest xmlns:android="http://schemas.android.com/apk/res/android"
3    package="pt.ipleiria.estg.dei.carolo_farmaceutica"
4    android:versionCode="1"
5    android:versionName="1.0" >
6
7    <uses-sdk
8        android:minSdkVersion="24"
9        android:targetSdkVersion="34" />
10
11    <uses-permission android:name="android.permission.ACCESS_NETWORK_STATE" />
11-->src\main\AndroidManifest.xml:5:5-79
11-->src\main\AndroidManifest.xml:5:22-76
12    <uses-permission android:name="android.permission.INTERNET" />
12-->src\main\AndroidManifest.xml:6:5-67
12-->src\main\AndroidManifest.xml:6:22-64
13
14    <permission
14-->[androidx.core:core:1.9.0] AndroidManifest.xml:22:5-24:47
15        android:name="pt.ipleiria.estg.dei.carolo_farmaceutica.DYNAMIC_RECEIVER_NOT_EXPORTED_PERMISSION"
15-->[androidx.core:core:1.9.0] AndroidManifest.xml:23:9-81
16        android:protectionLevel="signature" />
16-->[androidx.core:core:1.9.0] AndroidManifest.xml:24:9-44
17
18    <uses-permission android:name="pt.ipleiria.estg.dei.carolo_farmaceutica.DYNAMIC_RECEIVER_NOT_EXPORTED_PERMISSION" />
18-->[androidx.core:core:1.9.0] AndroidManifest.xml:26:5-97
18-->[androidx.core:core:1.9.0] AndroidManifest.xml:26:22-94
19
20    <application
20-->src\main\AndroidManifest.xml:8:5-53:19
21        android:allowBackup="true"
21-->src\main\AndroidManifest.xml:10:9-35
22        android:appComponentFactory="androidx.core.app.CoreComponentFactory"
22-->[androidx.core:core:1.9.0] AndroidManifest.xml:28:18-86
23        android:dataExtractionRules="@xml/data_extraction_rules"
23-->src\main\AndroidManifest.xml:11:9-65
24        android:debuggable="true"
25        android:extractNativeLibs="false"
26        android:fullBackupContent="@xml/backup_rules"
26-->src\main\AndroidManifest.xml:12:9-54
27        android:icon="@mipmap/ic_launcher"
27-->src\main\AndroidManifest.xml:13:9-43
28        android:label="@string/app_name"
28-->src\main\AndroidManifest.xml:14:9-41
29        android:roundIcon="@mipmap/ic_launcher_round"
29-->src\main\AndroidManifest.xml:15:9-54
30        android:supportsRtl="true"
30-->src\main\AndroidManifest.xml:16:9-35
31        android:testOnly="true"
32        android:theme="@style/Theme.Carolo_Farmaceutica"
32-->src\main\AndroidManifest.xml:17:9-57
33        android:usesCleartextTraffic="true" >
33-->src\main\AndroidManifest.xml:9:9-44
34        <activity
34-->src\main\AndroidManifest.xml:19:9-27:20
35            android:name="pt.ipleiria.estg.dei.carolo_farmaceutica.SettingsActivity"
35-->src\main\AndroidManifest.xml:20:13-45
36            android:exported="true" >
36-->src\main\AndroidManifest.xml:21:13-36
37            <intent-filter>
37-->src\main\AndroidManifest.xml:22:13-26:29
38                <action android:name="android.intent.action.MAIN" />
38-->src\main\AndroidManifest.xml:23:17-69
38-->src\main\AndroidManifest.xml:23:25-66
39
40                <category android:name="android.intent.category.LAUNCHER" />
40-->src\main\AndroidManifest.xml:25:17-77
40-->src\main\AndroidManifest.xml:25:27-74
41            </intent-filter>
42        </activity>
43        <activity
43-->src\main\AndroidManifest.xml:28:9-32:20
44            android:name="pt.ipleiria.estg.dei.carolo_farmaceutica.MenuMainActivity"
44-->src\main\AndroidManifest.xml:29:13-45
45            android:exported="false"
45-->src\main\AndroidManifest.xml:30:13-37
46            android:launchMode="singleTop" >
46-->src\main\AndroidManifest.xml:31:13-43
47        </activity>
48        <activity
48-->src\main\AndroidManifest.xml:33:9-36:20
49            android:name="pt.ipleiria.estg.dei.carolo_farmaceutica.ReceitaMedicaActivity"
49-->src\main\AndroidManifest.xml:34:13-50
50            android:exported="false" >
50-->src\main\AndroidManifest.xml:35:13-37
51        </activity>
52        <activity
52-->src\main\AndroidManifest.xml:37:9-40:66
53            android:name="pt.ipleiria.estg.dei.carolo_farmaceutica.DetalhesReceitaActivity"
53-->src\main\AndroidManifest.xml:38:13-52
54            android:exported="false"
54-->src\main\AndroidManifest.xml:39:13-37
55            android:parentActivityName="pt.ipleiria.estg.dei.carolo_farmaceutica.ReceitaMedicaActivity" />
55-->src\main\AndroidManifest.xml:40:13-64
56        <activity
56-->src\main\AndroidManifest.xml:41:9-44:61
57            android:name="pt.ipleiria.estg.dei.carolo_farmaceutica.DetalhesMedicamentoActivity"
57-->src\main\AndroidManifest.xml:42:13-56
58            android:exported="false"
58-->src\main\AndroidManifest.xml:43:13-37
59            android:parentActivityName="pt.ipleiria.estg.dei.carolo_farmaceutica.MenuMainActivity" />
59-->src\main\AndroidManifest.xml:44:13-59
60        <activity
60-->src\main\AndroidManifest.xml:45:9-48:58
61            android:name="pt.ipleiria.estg.dei.carolo_farmaceutica.RegistarActivity"
61-->src\main\AndroidManifest.xml:46:13-45
62            android:exported="false"
62-->src\main\AndroidManifest.xml:47:13-37
63            android:parentActivityName="pt.ipleiria.estg.dei.carolo_farmaceutica.LoginActivity" />
63-->src\main\AndroidManifest.xml:48:13-56
64        <activity
64-->src\main\AndroidManifest.xml:49:9-52:20
65            android:name="pt.ipleiria.estg.dei.carolo_farmaceutica.LoginActivity"
65-->src\main\AndroidManifest.xml:50:13-42
66            android:exported="false" >
66-->src\main\AndroidManifest.xml:51:13-37
67        </activity>
68
69        <provider
69-->[androidx.emoji2:emoji2:1.2.0] AndroidManifest.xml:24:9-32:20
70            android:name="androidx.startup.InitializationProvider"
70-->[androidx.emoji2:emoji2:1.2.0] AndroidManifest.xml:25:13-67
71            android:authorities="pt.ipleiria.estg.dei.carolo_farmaceutica.androidx-startup"
71-->[androidx.emoji2:emoji2:1.2.0] AndroidManifest.xml:26:13-68
72            android:exported="false" >
72-->[androidx.emoji2:emoji2:1.2.0] AndroidManifest.xml:27:13-37
73            <meta-data
73-->[androidx.emoji2:emoji2:1.2.0] AndroidManifest.xml:29:13-31:52
74                android:name="androidx.emoji2.text.EmojiCompatInitializer"
74-->[androidx.emoji2:emoji2:1.2.0] AndroidManifest.xml:30:17-75
75                android:value="androidx.startup" />
75-->[androidx.emoji2:emoji2:1.2.0] AndroidManifest.xml:31:17-49
76            <meta-data
76-->[androidx.lifecycle:lifecycle-process:2.6.1] AndroidManifest.xml:29:13-31:52
77                android:name="androidx.lifecycle.ProcessLifecycleInitializer"
77-->[androidx.lifecycle:lifecycle-process:2.6.1] AndroidManifest.xml:30:17-78
78                android:value="androidx.startup" />
78-->[androidx.lifecycle:lifecycle-process:2.6.1] AndroidManifest.xml:31:17-49
79            <meta-data
79-->[androidx.profileinstaller:profileinstaller:1.3.0] AndroidManifest.xml:29:13-31:52
80                android:name="androidx.profileinstaller.ProfileInstallerInitializer"
80-->[androidx.profileinstaller:profileinstaller:1.3.0] AndroidManifest.xml:30:17-85
81                android:value="androidx.startup" />
81-->[androidx.profileinstaller:profileinstaller:1.3.0] AndroidManifest.xml:31:17-49
82        </provider>
83
84        <receiver
84-->[androidx.profileinstaller:profileinstaller:1.3.0] AndroidManifest.xml:34:9-52:20
85            android:name="androidx.profileinstaller.ProfileInstallReceiver"
85-->[androidx.profileinstaller:profileinstaller:1.3.0] AndroidManifest.xml:35:13-76
86            android:directBootAware="false"
86-->[androidx.profileinstaller:profileinstaller:1.3.0] AndroidManifest.xml:36:13-44
87            android:enabled="true"
87-->[androidx.profileinstaller:profileinstaller:1.3.0] AndroidManifest.xml:37:13-35
88            android:exported="true"
88-->[androidx.profileinstaller:profileinstaller:1.3.0] AndroidManifest.xml:38:13-36
89            android:permission="android.permission.DUMP" >
89-->[androidx.profileinstaller:profileinstaller:1.3.0] AndroidManifest.xml:39:13-57
90            <intent-filter>
90-->[androidx.profileinstaller:profileinstaller:1.3.0] AndroidManifest.xml:40:13-42:29
91                <action android:name="androidx.profileinstaller.action.INSTALL_PROFILE" />
91-->[androidx.profileinstaller:profileinstaller:1.3.0] AndroidManifest.xml:41:17-91
91-->[androidx.profileinstaller:profileinstaller:1.3.0] AndroidManifest.xml:41:25-88
92            </intent-filter>
93            <intent-filter>
93-->[androidx.profileinstaller:profileinstaller:1.3.0] AndroidManifest.xml:43:13-45:29
94                <action android:name="androidx.profileinstaller.action.SKIP_FILE" />
94-->[androidx.profileinstaller:profileinstaller:1.3.0] AndroidManifest.xml:44:17-85
94-->[androidx.profileinstaller:profileinstaller:1.3.0] AndroidManifest.xml:44:25-82
95            </intent-filter>
96            <intent-filter>
96-->[androidx.profileinstaller:profileinstaller:1.3.0] AndroidManifest.xml:46:13-48:29
97                <action android:name="androidx.profileinstaller.action.SAVE_PROFILE" />
97-->[androidx.profileinstaller:profileinstaller:1.3.0] AndroidManifest.xml:47:17-88
97-->[androidx.profileinstaller:profileinstaller:1.3.0] AndroidManifest.xml:47:25-85
98            </intent-filter>
99            <intent-filter>
99-->[androidx.profileinstaller:profileinstaller:1.3.0] AndroidManifest.xml:49:13-51:29
100                <action android:name="androidx.profileinstaller.action.BENCHMARK_OPERATION" />
100-->[androidx.profileinstaller:profileinstaller:1.3.0] AndroidManifest.xml:50:17-95
100-->[androidx.profileinstaller:profileinstaller:1.3.0] AndroidManifest.xml:50:25-92
101            </intent-filter>
102        </receiver>
103    </application>
104
105</manifest>